\BOOKMARK [0][-]{chapter*.3}{Abbildungsverzeichnis}{}% 1
\BOOKMARK [0][-]{section*.4}{Abk\374rzungsverzeichnis}{}% 2
\BOOKMARK [0][-]{chapter.1}{Einleitung}{}% 3
\BOOKMARK [1][-]{section.1.1}{Aufbau der Dokumentation}{chapter.1}% 4
\BOOKMARK [1][-]{section.1.2}{Allgemeine Problemstellung}{chapter.1}% 5
\BOOKMARK [1][-]{section.1.3}{Motivation}{chapter.1}% 6
\BOOKMARK [1][-]{section.1.4}{Funktionalit\344t}{chapter.1}% 7
\BOOKMARK [0][-]{chapter.2}{Planung}{}% 8
\BOOKMARK [1][-]{section.2.1}{Problemstellung}{chapter.2}% 9
\BOOKMARK [2][-]{subsection.2.1.1}{Datenstrukturen}{section.2.1}% 10
\BOOKMARK [1][-]{section.2.2}{Gesamtanalyse}{chapter.2}% 11
\BOOKMARK [1][-]{section.2.3}{Detailanalyse}{chapter.2}% 12
\BOOKMARK [2][-]{subsection.2.3.1}{Datenstrukturen}{section.2.3}% 13
\BOOKMARK [3][-]{subsubsection.2.3.1.1}{Wurst}{subsection.2.3.1}% 14
\BOOKMARK [3][-]{subsubsection.2.3.1.2}{K\374hlbox}{subsection.2.3.1}% 15
\BOOKMARK [3][-]{subsubsection.2.3.1.3}{Grill}{subsection.2.3.1}% 16
\BOOKMARK [2][-]{subsection.2.3.2}{Tasks}{section.2.3}% 17
\BOOKMARK [3][-]{subsubsection.2.3.2.1}{Fleischer}{subsection.2.3.2}% 18
\BOOKMARK [3][-]{subsubsection.2.3.2.2}{Grillmeister}{subsection.2.3.2}% 19
\BOOKMARK [3][-]{subsubsection.2.3.2.3}{Feuerwehr}{subsection.2.3.2}% 20
\BOOKMARK [3][-]{subsubsection.2.3.2.4}{Physik}{subsection.2.3.2}% 21
\BOOKMARK [3][-]{subsubsection.2.3.2.5}{Benutzerschnittstelle - Eingabe}{subsection.2.3.2}% 22
\BOOKMARK [3][-]{subsubsection.2.3.2.6}{Benutzerschnittstelle - Ausgabe}{subsection.2.3.2}% 23
\BOOKMARK [0][-]{chapter.3}{Implementierung}{}% 24
\BOOKMARK [1][-]{section.3.1}{Programmiertagebuch}{chapter.3}% 25
\BOOKMARK [2][-]{subsection.3.1.1}{Erstes Treffen - 1.9.}{section.3.1}% 26
\BOOKMARK [2][-]{subsection.3.1.2}{Zweites Treffen - 8.9.}{section.3.1}% 27
\BOOKMARK [2][-]{subsection.3.1.3}{Drittes Treffen - 15.9.}{section.3.1}% 28
\BOOKMARK [1][-]{section.3.2}{Modularisierung}{chapter.3}% 29
\BOOKMARK [1][-]{section.3.3}{Bedienungsanleitung}{chapter.3}% 30
\BOOKMARK [1][-]{section.3.4}{Programmtests}{chapter.3}% 31
\BOOKMARK [0][-]{chapter.4}{Bewertung und Fazit}{}% 32
\BOOKMARK [1][-]{section.4.1}{Bewertung}{chapter.4}% 33
\BOOKMARK [1][-]{section.4.2}{Fazit}{chapter.4}% 34
